2014-08-17 10:12:34,151 [Thread-14] ERROR StackTrace  - Full Stack Trace:
java.lang.NullPointerException: Cannot get property 'cacheOperationSource' on null object
	at org.codehaus.groovy.runtime.NullObject.getProperty(NullObject.java:57)
	at org.codehaus.groovy.runtime.InvokerHelper.getProperty(InvokerHelper.java:168)
	at org.codehaus.groovy.runtime.callsite.NullCallSite.getProperty(NullCallSite.java:44)
	at org.codehaus.groovy.runtime.callsite.AbstractCallSite.callGetProperty(AbstractCallSite.java:227)
	at CacheGrailsPlugin$_closure4.doCall(CacheGrailsPlugin.groovy:184)
	at sun.reflect.NativeMethodAccessorImpl.invoke0(Native Method)
	at sun.reflect.NativeMethodAccessorImpl.invoke(NativeMethodAccessorImpl.java:57)
	at sun.reflect.DelegatingMethodAccessorImpl.invoke(DelegatingMethodAccessorImpl.java:43)
	at java.lang.reflect.Method.invoke(Method.java:606)
	at org.springsource.loaded.ri.ReflectiveInterceptor.jlrMethodInvoke(ReflectiveInterceptor.java:1270)
	at org.codehaus.groovy.reflection.CachedMethod.invoke(CachedMethod.java:90)
	at groovy.lang.MetaMethod.doMethodInvoke(MetaMethod.java:324)
	at groovy.lang.MetaClassImpl.invokeMethod(MetaClassImpl.java:1207)
	at groovy.lang.ExpandoMetaClass.invokeMethod(ExpandoMetaClass.java:1110)
	at groovy.lang.MetaClassImpl.invokeMethod(MetaClassImpl.java:1016)
	at groovy.lang.Closure.call(Closure.java:423)
	at CacheGrailsPlugin$_closure4.call(CacheGrailsPlugin.groovy)
	at org.codehaus.groovy.grails.plugins.DefaultGrailsPlugin.invokeOnChangeListener(DefaultGrailsPlugin.java:767)
	at org.codehaus.groovy.grails.plugins.DefaultGrailsPlugin.notifyOfEvent(DefaultGrailsPlugin.java:716)
	at org.codehaus.groovy.grails.plugins.DefaultGrailsPluginManager.informObservers(DefaultGrailsPluginManager.java:242)
	at org.codehaus.groovy.grails.plugins.DefaultGrailsPlugin.notifyOfEvent(DefaultGrailsPlugin.java:732)
	at org.codehaus.groovy.grails.plugins.AbstractGrailsPluginManager.informOfClassChange(AbstractGrailsPluginManager.java:408)
	at org.codehaus.groovy.grails.plugins.AbstractGrailsPluginManager.informOfFileChange(AbstractGrailsPluginManager.java:366)
	at org.codehaus.groovy.grails.project.compiler.GrailsProjectWatcher.informPluginManager(GrailsProjectWatcher.java:226)
	at org.codehaus.groovy.grails.project.compiler.GrailsProjectWatcher.access$400(GrailsProjectWatcher.java:48)
	at org.codehaus.groovy.grails.project.compiler.GrailsProjectWatcher$1.onNew(GrailsProjectWatcher.java:152)
	at org.codehaus.groovy.grails.compiler.AbstractDirectoryWatcher.fireOnNew(AbstractDirectoryWatcher.java:76)
	at org.codehaus.groovy.grails.compiler.WatchServiceDirectoryWatcher.run(WatchServiceDirectoryWatcher.java:95)
	at org.codehaus.groovy.grails.compiler.DirectoryWatcher.run(DirectoryWatcher.java:154)
	at org.codehaus.groovy.grails.project.compiler.GrailsProjectWatcher.run(GrailsProjectWatcher.java:161)
2014-08-17 10:12:34,156 [Thread-14] ERROR StackTrace  - Full Stack Trace:
java.lang.NullPointerException: Cannot get property 'cacheOperationSource' on null object
	at CacheGrailsPlugin$_closure4.doCall(CacheGrailsPlugin.groovy:184)
2014-08-17 10:12:34,156 [Thread-14] ERROR StackTrace  - Full Stack Trace:
java.lang.NullPointerException: Cannot get property 'cacheOperationSource' on null object
	at CacheGrailsPlugin$_closure4.doCall(CacheGrailsPlugin.groovy:184)
2014-08-17 10:12:34,157 [Thread-14] ERROR StackTrace  - Full Stack Trace:
java.lang.NullPointerException: Cannot get property 'cacheOperationSource' on null object
	at CacheGrailsPlugin$_closure4.doCall(CacheGrailsPlugin.groovy:184)
2014-08-17 10:12:34,248 [Thread-14] ERROR StackTrace  - Full Stack Trace:
java.lang.NumberFormatException: For input string: "1B"
	at java.lang.NumberFormatException.forInputString(NumberFormatException.java:65)
	at java.lang.Integer.parseInt(Integer.java:492)
	at java.lang.Integer.<init>(Integer.java:677)
	at org.fusesource.jansi.AnsiOutputStream.write(AnsiOutputStream.java:120)
	at java.io.FilterOutputStream.write(FilterOutputStream.java:125)
	at java.io.PrintStream.write(PrintStream.java:480)
	at sun.nio.cs.StreamEncoder.writeBytes(StreamEncoder.java:221)
	at sun.nio.cs.StreamEncoder.implFlushBuffer(StreamEncoder.java:291)
	at sun.nio.cs.StreamEncoder.flushBuffer(StreamEncoder.java:104)
	at java.io.OutputStreamWriter.flushBuffer(OutputStreamWriter.java:185)
	at java.io.PrintStream.write(PrintStream.java:527)
	at java.io.PrintStream.print(PrintStream.java:669)
	at grails.build.logging.GrailsConsole.showPrompt(GrailsConsole.java:782)
	at grails.build.logging.GrailsConsole.showPrompt(GrailsConsole.java:805)
	at grails.build.logging.GrailsConsole.postPrintMessage(GrailsConsole.java:540)
	at grails.build.logging.GrailsConsole.error(GrailsConsole.java:918)
	at grails.build.logging.GrailsConsole.error(GrailsConsole.java:560)
	at org.codehaus.groovy.grails.plugins.log4j.appenders.GrailsConsoleAppender.append(GrailsConsoleAppender.java:59)
	at org.apache.log4j.AppenderSkeleton.doAppend(AppenderSkeleton.java:251)
	at org.apache.log4j.helpers.AppenderAttachableImpl.appendLoopOnAppenders(AppenderAttachableImpl.java:66)
	at org.apache.log4j.Category.callAppenders(Category.java:206)
	at org.apache.log4j.Category.forcedLog(Category.java:391)
	at org.apache.log4j.Category.log(Category.java:856)
	at org.slf4j.impl.GrailsLog4jLoggerAdapter.logMessage(GrailsLog4jLoggerAdapter.java:192)
	at org.slf4j.impl.GrailsLog4jLoggerAdapter.error(GrailsLog4jLoggerAdapter.java:167)
	at org.apache.commons.logging.impl.SLF4JLog.error(SLF4JLog.java:213)
	at org.codehaus.groovy.grails.plugins.AbstractGrailsPluginManager.informOfClassChange(AbstractGrailsPluginManager.java:412)
	at org.codehaus.groovy.grails.plugins.AbstractGrailsPluginManager.informOfFileChange(AbstractGrailsPluginManager.java:366)
	at org.codehaus.groovy.grails.project.compiler.GrailsProjectWatcher.informPluginManager(GrailsProjectWatcher.java:226)
	at org.codehaus.groovy.grails.project.compiler.GrailsProjectWatcher.access$400(GrailsProjectWatcher.java:48)
	at org.codehaus.groovy.grails.project.compiler.GrailsProjectWatcher$1.onNew(GrailsProjectWatcher.java:152)
	at org.codehaus.groovy.grails.compiler.AbstractDirectoryWatcher.fireOnNew(AbstractDirectoryWatcher.java:76)
	at org.codehaus.groovy.grails.compiler.WatchServiceDirectoryWatcher.run(WatchServiceDirectoryWatcher.java:95)
	at org.codehaus.groovy.grails.compiler.DirectoryWatcher.run(DirectoryWatcher.java:154)
	at org.codehaus.groovy.grails.project.compiler.GrailsProjectWatcher.run(GrailsProjectWatcher.java:161)
2014-08-17 10:12:34,249 [Thread-14] ERROR StackTrace  - Full Stack Trace:
java.lang.NumberFormatException: For input string: "1B"
	at java.lang.NumberFormatException.forInputString(NumberFormatException.java:65)
	at java.lang.Integer.parseInt(Integer.java:492)
	at java.lang.Integer.<init>(Integer.java:677)
	at org.fusesource.jansi.AnsiOutputStream.write(AnsiOutputStream.java:120)
	at java.io.FilterOutputStream.write(FilterOutputStream.java:125)
	at java.io.PrintStream.write(PrintStream.java:480)
	at java.io.OutputStreamWriter.flushBuffer(OutputStreamWriter.java:185)
	at java.io.PrintStream.write(PrintStream.java:527)
	at java.io.PrintStream.print(PrintStream.java:669)
	at grails.build.logging.GrailsConsole.showPrompt(GrailsConsole.java:782)
	at grails.build.logging.GrailsConsole.showPrompt(GrailsConsole.java:805)
	at grails.build.logging.GrailsConsole.postPrintMessage(GrailsConsole.java:540)
	at grails.build.logging.GrailsConsole.error(GrailsConsole.java:918)
	at grails.build.logging.GrailsConsole.error(GrailsConsole.java:560)
	at org.apache.log4j.AppenderSkeleton.doAppend(AppenderSkeleton.java:251)
	at org.apache.log4j.helpers.AppenderAttachableImpl.appendLoopOnAppenders(AppenderAttachableImpl.java:66)
	at org.apache.log4j.Category.callAppenders(Category.java:206)
	at org.apache.log4j.Category.forcedLog(Category.java:391)
	at org.apache.log4j.Category.log(Category.java:856)
	at org.slf4j.impl.GrailsLog4jLoggerAdapter.logMessage(GrailsLog4jLoggerAdapter.java:192)
	at org.slf4j.impl.GrailsLog4jLoggerAdapter.error(GrailsLog4jLoggerAdapter.java:167)
	at org.apache.commons.logging.impl.SLF4JLog.error(SLF4JLog.java:213)
2014-08-17 10:12:34,249 [Thread-14] ERROR StackTrace  - Full Stack Trace:
java.lang.NumberFormatException: For input string: "1B"
	at java.lang.NumberFormatException.forInputString(NumberFormatException.java:65)
	at java.lang.Integer.parseInt(Integer.java:492)
	at java.lang.Integer.<init>(Integer.java:677)
	at org.fusesource.jansi.AnsiOutputStream.write(AnsiOutputStream.java:120)
	at java.io.FilterOutputStream.write(FilterOutputStream.java:125)
	at java.io.PrintStream.write(PrintStream.java:480)
	at java.io.OutputStreamWriter.flushBuffer(OutputStreamWriter.java:185)
	at java.io.PrintStream.write(PrintStream.java:527)
	at java.io.PrintStream.print(PrintStream.java:669)
	at grails.build.logging.GrailsConsole.showPrompt(GrailsConsole.java:782)
	at grails.build.logging.GrailsConsole.showPrompt(GrailsConsole.java:805)
	at grails.build.logging.GrailsConsole.postPrintMessage(GrailsConsole.java:540)
	at grails.build.logging.GrailsConsole.error(GrailsConsole.java:918)
	at grails.build.logging.GrailsConsole.error(GrailsConsole.java:560)
	at org.apache.log4j.AppenderSkeleton.doAppend(AppenderSkeleton.java:251)
	at org.apache.log4j.helpers.AppenderAttachableImpl.appendLoopOnAppenders(AppenderAttachableImpl.java:66)
	at org.apache.log4j.Category.callAppenders(Category.java:206)
	at org.apache.log4j.Category.forcedLog(Category.java:391)
	at org.apache.log4j.Category.log(Category.java:856)
	at org.slf4j.impl.GrailsLog4jLoggerAdapter.logMessage(GrailsLog4jLoggerAdapter.java:192)
	at org.slf4j.impl.GrailsLog4jLoggerAdapter.error(GrailsLog4jLoggerAdapter.java:167)
	at org.apache.commons.logging.impl.SLF4JLog.error(SLF4JLog.java:213)
2014-08-17 10:12:34,249 [Thread-14] ERROR StackTrace  - Full Stack Trace:
java.lang.NumberFormatException: For input string: "1B"
	at java.lang.NumberFormatException.forInputString(NumberFormatException.java:65)
	at java.lang.Integer.parseInt(Integer.java:492)
	at java.lang.Integer.<init>(Integer.java:677)
	at org.fusesource.jansi.AnsiOutputStream.write(AnsiOutputStream.java:120)
	at java.io.FilterOutputStream.write(FilterOutputStream.java:125)
	at java.io.PrintStream.write(PrintStream.java:480)
	at java.io.OutputStreamWriter.flushBuffer(OutputStreamWriter.java:185)
	at java.io.PrintStream.write(PrintStream.java:527)
	at java.io.PrintStream.print(PrintStream.java:669)
	at grails.build.logging.GrailsConsole.showPrompt(GrailsConsole.java:782)
	at grails.build.logging.GrailsConsole.showPrompt(GrailsConsole.java:805)
	at grails.build.logging.GrailsConsole.postPrintMessage(GrailsConsole.java:540)
	at grails.build.logging.GrailsConsole.error(GrailsConsole.java:918)
	at grails.build.logging.GrailsConsole.error(GrailsConsole.java:560)
	at org.apache.log4j.AppenderSkeleton.doAppend(AppenderSkeleton.java:251)
	at org.apache.log4j.helpers.AppenderAttachableImpl.appendLoopOnAppenders(AppenderAttachableImpl.java:66)
	at org.apache.log4j.Category.callAppenders(Category.java:206)
	at org.apache.log4j.Category.forcedLog(Category.java:391)
	at org.apache.log4j.Category.log(Category.java:856)
	at org.slf4j.impl.GrailsLog4jLoggerAdapter.logMessage(GrailsLog4jLoggerAdapter.java:192)
	at org.slf4j.impl.GrailsLog4jLoggerAdapter.error(GrailsLog4jLoggerAdapter.java:167)
	at org.apache.commons.logging.impl.SLF4JLog.error(SLF4JLog.java:213)
